Traceback (most recent call last):
  File "/Users/carloscarrillo-gallegos/opt/anaconda3/envs/a330/lib/python3.8/site-packages/jupyter_cache/executors/utils.py", line 51, in single_nb_execution
    executenb(
  File "/Users/carloscarrillo-gallegos/opt/anaconda3/envs/a330/lib/python3.8/site-packages/nbclient/client.py", line 1117, in execute
    return NotebookClient(nb=nb, resources=resources, km=km, **kwargs).execute()
  File "/Users/carloscarrillo-gallegos/opt/anaconda3/envs/a330/lib/python3.8/site-packages/nbclient/util.py", line 78, in wrapped
    return just_run(coro(*args, **kwargs))
  File "/Users/carloscarrillo-gallegos/opt/anaconda3/envs/a330/lib/python3.8/site-packages/nbclient/util.py", line 57, in just_run
    return loop.run_until_complete(coro)
  File "/Users/carloscarrillo-gallegos/opt/anaconda3/envs/a330/lib/python3.8/asyncio/base_events.py", line 616, in run_until_complete
    return future.result()
  File "/Users/carloscarrillo-gallegos/opt/anaconda3/envs/a330/lib/python3.8/site-packages/nbclient/client.py", line 558, in async_execute
    await self.async_execute_cell(
  File "/Users/carloscarrillo-gallegos/opt/anaconda3/envs/a330/lib/python3.8/site-packages/nbclient/client.py", line 862, in async_execute_cell
    self._check_raise_for_error(cell, exec_reply)
  File "/Users/carloscarrillo-gallegos/opt/anaconda3/envs/a330/lib/python3.8/site-packages/nbclient/client.py", line 765, in _check_raise_for_error
    raise CellExecutionError.from_cell_and_msg(cell, exec_reply_content)
nbclient.exceptions.CellExecutionError: An error occurred while executing the following cell:
------------------
#Set up integrator

#constants
C = 2.08e8
alpha = float(input("Enter the starting albedo (between 0 and 1.0): ")) #Best = 0.32
epsilon = float(input("Enter the starting emissivity (between 0 and 1.0): ")) #Best = 0.78
sigma = 5.67e-8
S = int(input("Enter the starting solar flux: ")) #Best = 1350

#Initialize
steps = 450
T_now = (np.zeros(steps))
H_now = (np.zeros(steps) +1)
T_next = np.zeros(steps) 
H_next = np.zeros(steps)


dt = 1e6 #seconds

#Differential equation to integrate
#dH = ((1 - alpha)*S)/4 - epsilon*sigma*(T**4)

for i in range(0, steps - 1):
    H_next[i] = H_now[i] + (((1 - alpha)*S)/4 - sigma*(T_now[i]**4) + epsilon*sigma*(242.4**4)) * dt
    
    H_now[i+1] = H_next[i]
    
    T_next[i] = H_now[i] / C                       
    
    T_now[i+1] = T_next[i]
                            
------------------

[0;31m---------------------------------------------------------------------------[0m
[0;31mStdinNotImplementedError[0m                  Traceback (most recent call last)
[0;32m<ipython-input-2-002c518330c1>[0m in [0;36m<module>[0;34m[0m
[1;32m      3[0m [0;31m#constants[0m[0;34m[0m[0;34m[0m[0;34m[0m[0m
[1;32m      4[0m [0mC[0m [0;34m=[0m [0;36m2.08e8[0m[0;34m[0m[0;34m[0m[0m
[0;32m----> 5[0;31m [0malpha[0m [0;34m=[0m [0mfloat[0m[0;34m([0m[0minput[0m[0;34m([0m[0;34m"Enter the starting albedo (between 0 and 1.0): "[0m[0;34m)[0m[0;34m)[0m [0;31m#Best = 0.32[0m[0;34m[0m[0;34m[0m[0m
[0m[1;32m      6[0m [0mepsilon[0m [0;34m=[0m [0mfloat[0m[0;34m([0m[0minput[0m[0;34m([0m[0;34m"Enter the starting emissivity (between 0 and 1.0): "[0m[0;34m)[0m[0;34m)[0m [0;31m#Best = 0.78[0m[0;34m[0m[0;34m[0m[0m
[1;32m      7[0m [0msigma[0m [0;34m=[0m [0;36m5.67e-8[0m[0;34m[0m[0;34m[0m[0m

[0;32m~/opt/anaconda3/envs/a330/lib/python3.8/site-packages/ipykernel/kernelbase.py[0m in [0;36mraw_input[0;34m(self, prompt)[0m
[1;32m    843[0m         """
[1;32m    844[0m         [0;32mif[0m [0;32mnot[0m [0mself[0m[0;34m.[0m[0m_allow_stdin[0m[0;34m:[0m[0;34m[0m[0;34m[0m[0m
[0;32m--> 845[0;31m             raise StdinNotImplementedError(
[0m[1;32m    846[0m                 [0;34m"raw_input was called, but this frontend does not support input requests."[0m[0;34m[0m[0;34m[0m[0m
[1;32m    847[0m             )

[0;31mStdinNotImplementedError[0m: raw_input was called, but this frontend does not support input requests.
StdinNotImplementedError: raw_input was called, but this frontend does not support input requests.

